<?xml version="1.0" encoding="UTF-8" ?>
<testsuite tests="5" failures="0" name="PagesPresta.PetClinicTest" time="21.528" errors="0" skipped="0">
  <properties>
[...]
</properties>
  <testcase classname="PagesPresta.PetClinicTest" name="userStory1" time="1.431"/>
  <testcase classname="PagesPresta.PetClinicTest" name="userStory2" time="0.18"/>
  <testcase classname="PagesPresta.PetClinicTest" name="userStory3" time="11.206"/>
  <testcase classname="PagesPresta.PetClinicTest" name="userStory4" time="0.124"/>
  <testcase classname="PagesPresta.PetClinicTest" name="userStory5" time="0.08"/>
</testsuite>